[2018-08-11 13:45:15] START
[2018-08-11 13:45:51] CREATE findpill.html: 0
[2018-08-11 13:46:02] CREATE findpill.py: 0
[2018-08-11 13:46:50] EDIT pillfinder/views/findpill.html: 0
[2018-08-11 13:46:50] EDIT pillfinder/views/findpill.html: 0
[2018-08-11 13:46:50] EDIT pillfinder/views/findpill.html: 0
[2018-08-11 13:46:50] EDIT pillfinder/views/findpill.html: 0
[2018-08-11 13:47:40] EDIT pillfinder/views/findpill.html: 4
[2018-08-11 13:47:41] EDIT pillfinder/views/findpill.html: 0
[2018-08-11 13:47:41] EDIT pillfinder/views/findpill.html: 0
[2018-08-11 13:47:41] EDIT pillfinder/views/findpill.html: 0
[2018-08-11 13:47:41] EDIT pillfinder/views/findpill.html: 0
[2018-08-11 13:48:28] EDIT pillfinder/views/findpill.html: -4
[2018-08-11 13:48:28] EDIT pillfinder/views/findpill.html: 0
[2018-08-11 13:48:29] EDIT pillfinder/views/findpill.html: 0
[2018-08-11 13:48:29] EDIT pillfinder/views/findpill.html: 0
[2018-08-11 13:48:29] EDIT pillfinder/views/findpill.html: 0
[2018-08-11 13:49:09] EDIT pillfinder/views/findpill.html: 1
[2018-08-11 13:49:09] EDIT pillfinder/views/findpill.html: 0
[2018-08-11 13:56:18] EDIT pillfinder/views/default/index.html: 1
[2018-08-11 13:56:18] EDIT pillfinder/views/default/index.html: 0
[2018-08-11 13:56:18] EDIT pillfinder/views/default/index.html: 0
[2018-08-11 13:57:38] EDIT pillfinder/controllers/findpill.py: 0
[2018-08-11 13:57:39] EDIT pillfinder/controllers/findpill.py: 0
[2018-08-11 13:58:16] EDIT pillfinder/views/findpill.html: -1
[2018-08-11 13:58:17] EDIT pillfinder/views/findpill.html: 0
[2018-08-11 13:58:33] EDIT pillfinder/views/findpill.html: -3
[2018-08-11 13:58:33] EDIT pillfinder/views/findpill.html: 0
[2018-08-11 13:58:33] EDIT pillfinder/views/findpill.html: 0
[2018-08-11 13:58:33] EDIT pillfinder/views/findpill.html: 0
[2018-08-11 13:58:50] EDIT pillfinder/views/findpill.html: 3
[2018-08-11 13:58:50] EDIT pillfinder/views/findpill.html: 0
[2018-08-11 13:58:50] EDIT pillfinder/views/findpill.html: 0
[2018-08-11 13:58:50] EDIT pillfinder/views/findpill.html: 0
[2018-08-11 14:00:03] EDIT pillfinder/views/findpill.html: 3
[2018-08-11 14:00:03] EDIT pillfinder/views/findpill.html: 0
[2018-08-11 14:00:03] EDIT pillfinder/views/findpill.html: 0
[2018-08-11 14:00:03] EDIT pillfinder/views/findpill.html: 0
[2018-08-11 14:00:03] EDIT pillfinder/views/findpill.html: 0
[2018-08-11 14:00:53] EDIT pillfinder/views/layout.html: 0
[2018-08-11 14:00:53] EDIT pillfinder/views/layout.html: 0
[2018-08-11 14:00:53] EDIT pillfinder/views/layout.html: 0
[2018-08-11 14:02:00] EDIT pillfinder/views/findpill.html: -2
[2018-08-11 14:02:00] EDIT pillfinder/views/findpill.html: 0
[2018-08-11 14:02:00] EDIT pillfinder/views/findpill.html: 0
[2018-08-11 14:02:00] EDIT pillfinder/views/findpill.html: 0
[2018-08-11 14:03:30] EDIT pillfinder/views/findpill.html: -4
[2018-08-11 14:09:19] EDIT pillfinder/views/findpill.html: 2
[2018-08-11 14:10:53] EDIT pillfinder/views/findpill.html: 3
[2018-08-11 14:10:54] EDIT pillfinder/views/findpill.html: 0
[2018-08-11 14:10:54] EDIT pillfinder/views/findpill.html: 0
[2018-08-11 14:15:02] EDIT pillfinder/views/findpill.html: 0
[2018-08-11 14:15:02] EDIT pillfinder/views/findpill.html: 0
[2018-08-11 14:15:02] EDIT pillfinder/views/findpill.html: 0
[2018-08-11 14:15:12] EDIT pillfinder/views/findpill.html: 0
[2018-08-11 14:15:12] EDIT pillfinder/views/findpill.html: 0
[2018-08-11 14:15:35] DELETE pillfinder/views/plugin_layouts/layouts/CityLights.html: -217
[2018-08-11 14:15:45] DELETE pillfinder/static/plugin_layouts/superfish.css: -134
[2018-08-11 14:15:48] DELETE pillfinder/static/plugin_layouts/superfish.js: -112
[2018-08-11 14:15:55] DELETE pillfinder/static/plugin_layouts/layouts/CityLights/default.css: -262
[2018-08-11 14:16:02] DELETE pillfinder/static/plugin_layouts/layouts/CityLights/index.html: -136
[2018-08-11 14:16:05] DELETE pillfinder/static/plugin_layouts/layouts/CityLights/license.txt: -216
[2018-08-11 14:16:09] DELETE pillfinder/static/plugin_layouts/layouts/CityLights/preview.png: -1
[2018-08-11 14:23:16] DELETE pillfinder/views/findpill.html: -5
[2018-08-11 14:23:38] CREATE findpill/front.html: 0
[2018-08-11 14:25:19] DELETE pillfinder/views/findpill/front.html: -3
[2018-08-11 14:25:28] CREATE findpill/index.html: 0
[2018-08-11 14:26:22] EDIT pillfinder/views/findpill/index.html: 247
